#
# There is insufficient memory for the Java Runtime Environment to continue.
# Native memory allocation (malloc) failed to allocate 1065456 bytes for Chunk::new
# Possible reasons:
#   The system is out of physical RAM or swap space
#   The process is running with CompressedOops enabled, and the Java Heap may be blocking the growth of the native heap
# Possible solutions:
#   Reduce memory load on the system
#   Increase physical memory or swap space
#   Check if swap backing store is full
#   Decrease Java heap size (-Xmx/-Xms)
#   Decrease number of Java threads
#   Decrease Java thread stack sizes (-Xss)
#   Set larger code cache with -XX:ReservedCodeCacheSize=
#   JVM is running with Unscaled Compressed Oops mode in which the Java heap is
#     placed in the first 4GB address space. The Java Heap base address is the
#     maximum limit for the native heap growth. Please use -XX:HeapBaseMinAddress
#     to set the Java Heap base and to place the Java Heap above 4GB virtual address.
# This output file may be truncated or incomplete.
#
#  Out of Memory Error (allocation.cpp:389), pid=1720, tid=0x00000000000035c4
#
# JRE version: OpenJDK Runtime Environment (8.0_242-b01) (build 1.8.0_242-release-1644-b01)
# Java VM: OpenJDK 64-Bit Server VM (25.242-b01 mixed mode windows-amd64 compressed oops)
# Failed to write core dump. Minidumps are not enabled by default on client versions of Windows
#

---------------  T H R E A D  ---------------

Current thread (0x0000000016141800):  JavaThread "C2 CompilerThread0" daemon [_thread_in_native, id=13764, stack(0x0000000016a10000,0x0000000016b10000)]

Stack: [0x0000000016a10000,0x0000000016b10000]
[error occurred during error reporting (printing stack bounds), id 0xc0000005]

Native frames: (J=compiled Java code, j=interpreted, Vv=VM code, C=native code)


Current CompileTask:
C2:5925369 16812       4       com.android.tools.r8.graph.Z::collectIndexedItems (64 bytes)


---------------  P R O C E S S  ---------------

Java Threads: ( => current thread )
  0x00000000183a4000 JavaThread "ForkJoinPool-1-worker-0" daemon [_thread_blocked, id=10412, stack(0x000000002b120000,0x000000002b220000)]
  0x00000000183a9000 JavaThread "ForkJoinPool-1-worker-7" daemon [_thread_blocked, id=2064, stack(0x000000002b020000,0x000000002b120000)]
  0x00000000183a8800 JavaThread "ForkJoinPool-1-worker-6" daemon [_thread_blocked, id=10908, stack(0x000000002af20000,0x000000002b020000)]
  0x000000001839b800 JavaThread "ForkJoinPool-1-worker-5" daemon [_thread_blocked, id=8636, stack(0x000000002ae20000,0x000000002af20000)]
  0x00000000183a1800 JavaThread "ForkJoinPool-1-worker-4" daemon [_thread_blocked, id=14532, stack(0x000000002ad20000,0x000000002ae20000)]
  0x00000000183a2800 JavaThread "ForkJoinPool-1-worker-3" daemon [_thread_blocked, id=5072, stack(0x000000002ac20000,0x000000002ad20000)]
  0x000000001839a000 JavaThread "ForkJoinPool-1-worker-2" daemon [_thread_blocked, id=6192, stack(0x000000002ab20000,0x000000002ac20000)]
  0x000000001839b000 JavaThread "ForkJoinPool-1-worker-1" daemon [_thread_blocked, id=5720, stack(0x0000000029a50000,0x0000000029b50000)]
  0x000000001839e800 JavaThread "WorkerExecutor Queue Thread 7" [_thread_blocked, id=12588, stack(0x00000000296e0000,0x00000000297e0000)]
  0x000000001839e000 JavaThread "WorkerExecutor Queue Thread 6" [_thread_in_Java, id=1984, stack(0x0000000029f30000,0x000000002a030000)]
  0x000000001839d000 JavaThread "WorkerExecutor Queue Thread 5" [_thread_blocked, id=14492, stack(0x0000000029e30000,0x0000000029f30000)]
  0x00000000183a0000 JavaThread "WorkerExecutor Queue Thread 4" [_thread_blocked, id=9332, stack(0x0000000029d30000,0x0000000029e30000)]
  0x000000001839c800 JavaThread "WorkerExecutor Queue Thread 3" [_thread_blocked, id=8992, stack(0x0000000029c30000,0x0000000029d30000)]
  0x000000001839f800 JavaThread "ForkJoinPool.commonPool-worker-7" daemon [_thread_blocked, id=11980, stack(0x00000000293e0000,0x00000000294e0000)]
  0x000000001615d800 JavaThread "ForkJoinPool.commonPool-worker-6" daemon [_thread_blocked, id=10432, stack(0x00000000292e0000,0x00000000293e0000)]
  0x0000000024c95800 JavaThread "ForkJoinPool.commonPool-worker-5" daemon [_thread_blocked, id=7648, stack(0x00000000291e0000,0x00000000292e0000)]
  0x0000000024c94000 JavaThread "ForkJoinPool.commonPool-worker-3" daemon [_thread_blocked, id=2660, stack(0x0000000028fe0000,0x00000000290e0000)]
  0x0000000024c93000 JavaThread "ForkJoinPool.commonPool-worker-2" daemon [_thread_blocked, id=4740, stack(0x0000000028ee0000,0x0000000028fe0000)]
  0x0000000024c91800 JavaThread "ForkJoinPool.commonPool-worker-1" daemon [_thread_blocked, id=12464, stack(0x0000000028af0000,0x0000000028bf0000)]
  0x0000000024c92800 JavaThread "Cache worker for Java compile cache (D:\Github\JZVideo\.gradle\6.1.1\javaCompile)" [_thread_blocked, id=4068, stack(0x00000000285f0000,0x00000000286f0000)]
  0x0000000024c8a000 JavaThread "Cache worker for Java compile cache (C:\Users\admin\.gradle\caches\6.1.1\javaCompile)" [_thread_blocked, id=11356, stack(0x0000000027040000,0x0000000027140000)]
  0x0000000024c91000 JavaThread "stdout" [_thread_in_native, id=5844, stack(0x00000000284f0000,0x00000000285f0000)]
  0x0000000024c89000 JavaThread "stderr" [_thread_in_native, id=1216, stack(0x00000000283f0000,0x00000000284f0000)]
  0x0000000024c8c000 JavaThread "pool-5-thread-1" [_thread_blocked, id=11476, stack(0x0000000027260000,0x0000000027360000)]
  0x0000000024c8e800 JavaThread "WorkerExecutor Queue Thread 2" [_thread_blocked, id=10608, stack(0x0000000027160000,0x0000000027260000)]
  0x0000000024c88800 JavaThread "WorkerExecutor Queue" [_thread_blocked, id=11312, stack(0x0000000026a40000,0x0000000026b40000)]
  0x0000000024c8a800 JavaThread "Cache worker for execution history cache (D:\Github\JZVideo\.gradle\6.1.1\executionHistory)" [_thread_blocked, id=13084, stack(0x0000000026f40000,0x0000000027040000)]
  0x0000000024c86000 JavaThread "Execution worker for ':' Thread 7" [_thread_blocked, id=5132, stack(0x0000000026940000,0x0000000026a40000)]
  0x0000000024c87800 JavaThread "Execution worker for ':' Thread 6" [_thread_blocked, id=2420, stack(0x0000000026840000,0x0000000026940000)]
  0x0000000024c8b800 JavaThread "Execution worker for ':' Thread 5" [_thread_blocked, id=14788, stack(0x0000000026740000,0x0000000026840000)]
  0x000000001b61c800 JavaThread "Execution worker for ':' Thread 4" [_thread_blocked, id=3576, stack(0x0000000026640000,0x0000000026740000)]
  0x000000001615e800 JavaThread "Execution worker for ':' Thread 3" [_thread_blocked, id=13836, stack(0x0000000026540000,0x0000000026640000)]
  0x0000000016160800 JavaThread "Execution worker for ':' Thread 2" [_thread_blocked, id=7744, stack(0x0000000026440000,0x0000000026540000)]
  0x000000001615c000 JavaThread "Execution worker for ':'" [_thread_blocked, id=13756, stack(0x0000000026340000,0x0000000026440000)]
  0x000000001b61c000 JavaThread "Cache worker for file content cache (D:\Github\JZVideo\.gradle\6.1.1\fileContent)" [_thread_blocked, id=9312, stack(0x0000000026240000,0x0000000026340000)]
  0x000000001b61a800 JavaThread "Cache worker for file content cache (C:\Users\admin\.gradle\caches\6.1.1\fileContent)" [_thread_blocked, id=15808, stack(0x0000000026140000,0x0000000026240000)]
  0x000000001b61d800 JavaThread "Memory manager" [_thread_blocked, id=13264, stack(0x0000000025e40000,0x0000000025f40000)]
  0x000000001b611000 JavaThread "Cache worker for Build Output Cleanup Cache (D:\Github\JZVideo\.gradle\buildOutputCleanup)" [_thread_blocked, id=11580, stack(0x00000000244a0000,0x00000000245a0000)]
  0x000000001b616800 JavaThread "pool-4-thread-1" [_thread_blocked, id=14468, stack(0x0000000023960000,0x0000000023a60000)]
  0x000000001b613800 JavaThread "Build operations Thread 8" [_thread_blocked, id=796, stack(0x0000000022e60000,0x0000000022f60000)]
  0x000000001b612000 JavaThread "Build operations Thread 7" [_thread_blocked, id=3648, stack(0x0000000022960000,0x0000000022a60000)]
  0x000000001b614000 JavaThread "Build operations Thread 6" [_thread_blocked, id=10792, stack(0x0000000022660000,0x0000000022760000)]
  0x000000001b618000 JavaThread "Build operations Thread 5" [_thread_blocked, id=14200, stack(0x0000000022560000,0x0000000022660000)]
  0x000000001b617800 JavaThread "Build operations Thread 4" [_thread_blocked, id=10180, stack(0x0000000022460000,0x0000000022560000)]
  0x000000001b60f800 JavaThread "Build operations Thread 3" [_thread_blocked, id=11664, stack(0x0000000022360000,0x0000000022460000)]
  0x000000001b612800 JavaThread "Build operations Thread 2" [_thread_blocked, id=9336, stack(0x0000000022260000,0x0000000022360000)]
  0x0000000017995000 JavaThread "Build operations" [_thread_blocked, id=7952, stack(0x0000000020ed0000,0x0000000020fd0000)]
  0x000000001799c000 JavaThread "Cache worker for cache directory md-rule (C:\Users\admin\.gradle\caches\6.1.1\md-rule)" [_thread_blocked, id=6184, stack(0x00000000204e0000,0x00000000205e0000)]
  0x000000001799b000 JavaThread "Cache worker for cache directory md-supplier (C:\Users\admin\.gradle\caches\6.1.1\md-supplier)" [_thread_blocked, id=15812, stack(0x000000001dde0000,0x000000001dee0000)]
  0x0000000017996000 JavaThread "Cache worker for file hash cache (D:\Github\JZVideo\.gradle\6.1.1\fileHashes)" [_thread_blocked, id=1772, stack(0x000000001d9e0000,0x000000001dae0000)]
  0x0000000017999000 JavaThread "Cache worker for checksums cache (D:\Github\JZVideo\.gradle\checksums)" [_thread_blocked, id=9804, stack(0x000000001d640000,0x000000001d740000)]
  0x0000000017997800 JavaThread "Thread-63" [_thread_blocked, id=7068, stack(0x000000001d540000,0x000000001d640000)]
  0x0000000017998000 JavaThread "Stdin handler" [_thread_blocked, id=13428, stack(0x000000001c000000,0x000000001c100000)]
  0x000000001799a800 JavaThread "Asynchronous log dispatcher for DefaultDaemonConnection: socket connection from /127.0.0.1:50976 to /127.0.0.1:53904" [_thread_blocked, id=10780, stack(0x000000001a730000,0x000000001a830000)]
  0x000000001798d800 JavaThread "Daemon worker Thread 4" [_thread_blocked, id=10732, stack(0x000000001a630000,0x000000001a730000)]
  0x0000000017990800 JavaThread "Cancel handler" [_thread_blocked, id=2084, stack(0x000000001a530000,0x000000001a630000)]
  0x0000000017994800 JavaThread "Handler for socket connection from /127.0.0.1:50976 to /127.0.0.1:53904" [_thread_in_native, id=11332, stack(0x000000001a230000,0x000000001a330000)]
  0x000000001798e000 JavaThread "Daemon Thread 4" [_thread_blocked, id=2596, stack(0x000000001a130000,0x000000001a230000)]
  0x0000000016161800 JavaThread "Cache worker for execution history cache (C:\Users\admin\.gradle\caches\6.1.1\executionHistory)" [_thread_blocked, id=7016, stack(0x000000001dae0000,0x000000001dbe0000)]
  0x0000000016160000 JavaThread "Cache worker for file hash cache (C:\Users\admin\.gradle\caches\6.1.1\fileHashes)" [_thread_blocked, id=9952, stack(0x000000001af30000,0x000000001b030000)]
  0x000000001615f000 JavaThread "File lock request listener" [_thread_in_native, id=348, stack(0x000000001ae30000,0x000000001af30000)]
  0x0000000018c52800 JavaThread "Cache worker for journal cache (C:\Users\admin\.gradle\caches\journal-1)" [_thread_blocked, id=11896, stack(0x000000001ad30000,0x000000001ae30000)]
  0x0000000018b53800 JavaThread "Daemon periodic checks" [_thread_blocked, id=12956, stack(0x000000001a030000,0x000000001a130000)]
  0x0000000018b05800 JavaThread "Incoming local TCP Connector on port 50976" [_thread_in_native, id=11876, stack(0x0000000019df0000,0x0000000019ef0000)]
  0x0000000018a28800 JavaThread "Daemon health stats" [_thread_blocked, id=1588, stack(0x00000000197b0000,0x00000000198b0000)]
  0x00000000161d6800 JavaThread "Service Thread" daemon [_thread_blocked, id=908, stack(0x0000000016e10000,0x0000000016f10000)]
  0x000000001615d000 JavaThread "C1 CompilerThread3" daemon [_thread_blocked, id=16176, stack(0x0000000016d10000,0x0000000016e10000)]
  0x000000001614c800 JavaThread "C2 CompilerThread2" daemon [_thread_in_native, id=11836, stack(0x0000000016c10000,0x0000000016d10000)]
  0x0000000016144800 JavaThread "C2 CompilerThread1" daemon [_thread_in_native, id=3268, stack(0x0000000016b10000,0x0000000016c10000)]
=>0x0000000016141800 JavaThread "C2 CompilerThread0" daemon [_thread_in_native, id=13764, stack(0x0000000016a10000,0x0000000016b10000)]
  0x0000000016140000 JavaThread "Attach Listener" daemon [_thread_blocked, id=8960, stack(0x0000000016910000,0x0000000016a10000)]
  0x000000001613f000 JavaThread "Signal Dispatcher" daemon [_thread_blocked, id=1444, stack(0x0000000016810000,0x0000000016910000)]
  0x0000000016130800 JavaThread "Finalizer" daemon [_thread_blocked, id=15964, stack(0x0000000016610000,0x0000000016710000)]
  0x000000001434c000 JavaThread "Reference Handler" daemon [_thread_blocked, id=3360, stack(0x0000000016510000,0x0000000016610000)]
  0x000000000292e000 JavaThread "main" [_thread_blocked, id=10556, stack(0x0000000002820000,0x0000000002920000)]

Other Threads:
  0x0000000014346800 VMThread [stack: 0x0000000016010000,0x0000000016110000] [id=3168]
  0x00000000161d7000 WatcherThread [stack: 0x0000000016f10000,0x0000000017010000] [id=5484]

VM state:not at safepoint (normal execution)

VM Mutex/Monitor currently owned by a thread: None

heap address: 0x00000000e0000000, size: 512 MB, Compressed Oops mode: 32-bit
Narrow klass base: 0x0000000000000000, Narrow klass shift: 3
Compressed class space size: 1073741824 Address: 0x0000000100000000

Heap:
 PSYoungGen      total 124416K, used 53675K [0x00000000f5580000, 0x0000000100000000, 0x0000000100000000)
  eden space 84480K, 16% used [0x00000000f5580000,0x00000000f632aec8,0x00000000fa800000)
  from space 39936K, 99% used [0x00000000fa800000,0x00000000fcec00c0,0x00000000fcf00000)
  to   space 50176K, 0% used [0x00000000fcf00000,0x00000000fcf00000,0x0000000100000000)
 ParOldGen       total 292864K, used 136400K [0x00000000e0000000, 0x00000000f1e00000, 0x00000000f5580000)
  object space 292864K, 46% used [0x00000000e0000000,0x00000000e8534260,0x00000000f1e00000)
 Metaspace       used 102940K, capacity 107560K, committed 108416K, reserved 1142784K
  class space    used 13641K, capacity 14612K, committed 14720K, reserved 1048576K

Card table byte_map: [0x0000000011ea0000,0x0000000011fb0000] byte_map_base: 0x00000000117a0000

Marking Bits: (ParMarkBitMap*) 0x000000007037f030
 Begin Bits: [0x0000000012860000, 0x0000000013060000)
 End Bits:   [0x0000000013060000, 0x0000000013860000)

Polling page: 0x0000000000ff0000

CodeCache: size=245760Kb used=46635Kb max_used=46635Kb free=199124Kb
 bounds [0x0000000002ae0000, 0x00000000058a0000, 0x0000000011ae0000]
 total_blobs=15099 nmethods=14191 adapters=819
 compilation: enabled

Compilation events (10 events):
Event: 5925.355 Thread 0x000000001615d000 16836       3       com.android.tools.r8.code.t2::a (1 bytes)
Event: 5925.355 Thread 0x000000001615d000 nmethod 16836 0x00000000058812d0 code [0x0000000005881420, 0x0000000005881570]
Event: 5925.355 Thread 0x000000001615d000 16837       3       com.android.tools.r8.code.g3::a (11 bytes)
Event: 5925.355 Thread 0x000000001615d000 nmethod 16837 0x0000000005899a50 code [0x0000000005899bc0, 0x0000000005899de8]
Event: 5925.361 Thread 0x000000001615d000 16839       1       com.android.tools.r8.code.W0::a (1 bytes)
Event: 5925.361 Thread 0x000000001615d000 nmethod 16839 0x0000000005899ed0 code [0x000000000589a020, 0x000000000589a130]
Event: 5925.363 Thread 0x000000001615d000 16840       3       com.android.tools.r8.code.M3::a (1 bytes)
Event: 5925.364 Thread 0x000000001615d000 nmethod 16840 0x000000000589a190 code [0x000000000589a2e0, 0x000000000589a430]
Event: 5925.364 Thread 0x000000001615d000 16841       3       com.android.tools.r8.code.L3::a (1 bytes)
Event: 5925.364 Thread 0x000000001615d000 nmethod 16841 0x000000000589a4d0 code [0x000000000589a620, 0x000000000589a770]

GC Heap History (10 events):
Event: 5921.932 GC heap before
{Heap before GC invocations=23 (full 4):
 PSYoungGen      total 149504K, used 125437K [0x00000000f5580000, 0x0000000100000000, 0x0000000100000000)
  eden space 125440K, 99% used [0x00000000f5580000,0x00000000fcfff670,0x00000000fd000000)
  from space 24064K, 0% used [0x00000000fe880000,0x00000000fe880000,0x0000000100000000)
  to   space 24576K, 0% used [0x00000000fd000000,0x00000000fd000000,0x00000000fe800000)
 ParOldGen       total 292864K, used 68745K [0x00000000e0000000, 0x00000000f1e00000, 0x00000000f5580000)
  object space 292864K, 23% used [0x00000000e0000000,0x00000000e4322668,0x00000000f1e00000)
 Metaspace       used 93736K, capacity 97358K, committed 99840K, reserved 1136640K
  class space    used 12222K, capacity 13015K, committed 13568K, reserved 1048576K
Event: 5921.954 GC heap after
Heap after GC invocations=23 (full 4):
 PSYoungGen      total 150016K, used 16247K [0x00000000f5580000, 0x0000000100000000, 0x0000000100000000)
  eden space 125440K, 0% used [0x00000000f5580000,0x00000000f5580000,0x00000000fd000000)
  from space 24576K, 66% used [0x00000000fd000000,0x00000000fdfddea8,0x00000000fe800000)
  to   space 24576K, 0% used [0x00000000fe800000,0x00000000fe800000,0x0000000100000000)
 ParOldGen       total 292864K, used 68753K [0x00000000e0000000, 0x00000000f1e00000, 0x00000000f5580000)
  object space 292864K, 23% used [0x00000000e0000000,0x00000000e4324668,0x00000000f1e00000)
 Metaspace       used 93736K, capacity 97358K, committed 99840K, reserved 1136640K
  class space    used 12222K, capacity 13015K, committed 13568K, reserved 1048576K
}
Event: 5922.190 GC heap before
{Heap before GC invocations=24 (full 4):
 PSYoungGen      total 150016K, used 141687K [0x00000000f5580000, 0x0000000100000000, 0x0000000100000000)
  eden space 125440K, 100% used [0x00000000f5580000,0x00000000fd000000,0x00000000fd000000)
  from space 24576K, 66% used [0x00000000fd000000,0x00000000fdfddea8,0x00000000fe800000)
  to   space 24576K, 0% used [0x00000000fe800000,0x00000000fe800000,0x0000000100000000)
 ParOldGen       total 292864K, used 68770K [0x00000000e0000000, 0x00000000f1e00000, 0x00000000f5580000)
  object space 292864K, 23% used [0x00000000e0000000,0x00000000e43289e8,0x00000000f1e00000)
 Metaspace       used 93744K, capacity 97358K, committed 99840K, reserved 1136640K
  class space    used 12222K, capacity 13015K, committed 13568K, reserved 1048576K
Event: 5922.209 GC heap after
Heap after GC invocations=24 (full 4):
 PSYoungGen      total 150016K, used 15959K [0x00000000f5580000, 0x0000000100000000, 0x0000000100000000)
  eden space 125440K, 0% used [0x00000000f5580000,0x00000000f5580000,0x00000000fd000000)
  from space 24576K, 64% used [0x00000000fe800000,0x00000000ff795c40,0x0000000100000000)
  to   space 24576K, 0% used [0x00000000fd000000,0x00000000fd000000,0x00000000fe800000)
 ParOldGen       total 292864K, used 74059K [0x00000000e0000000, 0x00000000f1e00000, 0x00000000f5580000)
  object space 292864K, 25% used [0x00000000e0000000,0x00000000e4852e20,0x00000000f1e00000)
 Metaspace       used 93744K, capacity 97358K, committed 99840K, reserved 1136640K
  class space    used 12222K, capacity 13015K, committed 13568K, reserved 1048576K
}
Event: 5923.671 GC heap before
{Heap before GC invocations=25 (full 4):
 PSYoungGen      total 150016K, used 135996K [0x00000000f5580000, 0x0000000100000000, 0x0000000100000000)
  eden space 125440K, 95% used [0x00000000f5580000,0x00000000fcab9428,0x00000000fd000000)
  from space 24576K, 64% used [0x00000000fe800000,0x00000000ff795c40,0x0000000100000000)
  to   space 24576K, 0% used [0x00000000fd000000,0x00000000fd000000,0x00000000fe800000)
 ParOldGen       total 292864K, used 74059K [0x00000000e0000000, 0x00000000f1e00000, 0x00000000f5580000)
  object space 292864K, 25% used [0x00000000e0000000,0x00000000e4852e20,0x00000000f1e00000)
 Metaspace       used 101818K, capacity 106350K, committed 107264K, reserved 1142784K
  class space    used 13479K, capacity 14435K, committed 14592K, reserved 1048576K
Event: 5923.685 GC heap after
Heap after GC invocations=25 (full 4):
 PSYoungGen      total 142848K, used 17227K [0x00000000f5580000, 0x0000000100000000, 0x0000000100000000)
  eden space 125440K, 0% used [0x00000000f5580000,0x00000000f5580000,0x00000000fd000000)
  from space 17408K, 98% used [0x00000000fd000000,0x00000000fe0d2d28,0x00000000fe100000)
  to   space 25088K, 0% used [0x00000000fe780000,0x00000000fe780000,0x0000000100000000)
 ParOldGen       total 292864K, used 76395K [0x00000000e0000000, 0x00000000f1e00000, 0x00000000f5580000)
  object space 292864K, 26% used [0x00000000e0000000,0x00000000e4a9ae20,0x00000000f1e00000)
 Metaspace       used 101818K, capacity 106350K, committed 107264K, reserved 1142784K
  class space    used 13479K, capacity 14435K, committed 14592K, reserved 1048576K
}
Event: 5924.510 GC heap before
{Heap before GC invocations=26 (full 4):
 PSYoungGen      total 142848K, used 142667K [0x00000000f5580000, 0x0000000100000000, 0x0000000100000000)
  eden space 125440K, 100% used [0x00000000f5580000,0x00000000fd000000,0x00000000fd000000)
  from space 17408K, 98% used [0x00000000fd000000,0x00000000fe0d2d28,0x00000000fe100000)
  to   space 25088K, 0% used [0x00000000fe780000,0x00000000fe780000,0x0000000100000000)
 ParOldGen       total 292864K, used 76395K [0x00000000e0000000, 0x00000000f1e00000, 0x00000000f5580000)
  object space 292864K, 26% used [0x00000000e0000000,0x00000000e4a9ae20,0x00000000f1e00000)
 Metaspace       used 102787K, capacity 107414K, committed 108160K, reserved 1142784K
  class space    used 13640K, capacity 14611K, committed 14720K, reserved 1048576K
Event: 5924.573 GC heap after
Heap after GC invocations=26 (full 4):
 PSYoungGen      total 109568K, used 25082K [0x00000000f5580000, 0x0000000100000000, 0x0000000100000000)
  eden space 84480K, 0% used [0x00000000f5580000,0x00000000f5580000,0x00000000fa800000)
  from space 25088K, 99% used [0x00000000fe780000,0x00000000ffffeb88,0x0000000100000000)
  to   space 45056K, 0% used [0x00000000fa800000,0x00000000fa800000,0x00000000fd400000)
 ParOldGen       total 292864K, used 122656K [0x00000000e0000000, 0x00000000f1e00000, 0x00000000f5580000)
  object space 292864K, 41% used [0x00000000e0000000,0x00000000e77c80f8,0x00000000f1e00000)
 Metaspace       used 102787K, capacity 107414K, committed 108160K, reserved 1142784K
  class space    used 13640K, capacity 14611K, committed 14720K, reserved 1048576K
}
Event: 5925.140 GC heap before
{Heap before GC invocations=27 (full 4):
 PSYoungGen      total 109568K, used 109562K [0x00000000f5580000, 0x0000000100000000, 0x0000000100000000)
  eden space 84480K, 100% used [0x00000000f5580000,0x00000000fa800000,0x00000000fa800000)
  from space 25088K, 99% used [0x00000000fe780000,0x00000000ffffeb88,0x0000000100000000)
  to   space 45056K, 0% used [0x00000000fa800000,0x00000000fa800000,0x00000000fd400000)
 ParOldGen       total 292864K, used 122656K [0x00000000e0000000, 0x00000000f1e00000, 0x00000000f5580000)
  object space 292864K, 41% used [0x00000000e0000000,0x00000000e77c80f8,0x00000000f1e00000)
 Metaspace       used 102936K, capacity 107560K, committed 108416K, reserved 1142784K
  class space    used 13641K, capacity 14612K, committed 14720K, reserved 1048576K
Event: 5925.182 GC heap after
Heap after GC invocations=27 (full 4):
 PSYoungGen      total 124416K, used 39680K [0x00000000f5580000, 0x0000000100000000, 0x0000000100000000)
  eden space 84480K, 0% used [0x00000000f5580000,0x00000000f5580000,0x00000000fa800000)
  from space 39936K, 99% used [0x00000000fa800000,0x00000000fcec00c0,0x00000000fcf00000)
  to   space 50176K, 0% used [0x00000000fcf00000,0x00000000fcf00000,0x0000000100000000)
 ParOldGen       total 292864K, used 136400K [0x00000000e0000000, 0x00000000f1e00000, 0x00000000f5580000)
  object space 292864K, 46% used [0x00000000e0000000,0x00000000e8534260,0x00000000f1e00000)
 Metaspace       used 102936K, capacity 107560K, committed 108416K, reserved 1142784K
  class space    used 13641K, capacity 14612K, committed 14720K, reserved 1048576K
}

Deoptimization events (10 events):
Event: 5924.591 Thread 0x00000000183a2800 Uncommon trap: reason=unloaded action=reinterpret pc=0x00000000036df0e0 method=com.android.tools.r8.code.u1.a(Ljava/nio/ShortBuffer;IILcom/android/tools/r8/graph/I0;)[Lcom/android/tools/r8/code/t1; @ 3019
Event: 5924.874 Thread 0x000000001839e000 Uncommon trap: reason=class_check action=maybe_recompile pc=0x000000000577f188 method=com.android.tools.r8.s.a.b.h.a(Ljava/lang/Object;)V @ 32
Event: 5924.874 Thread 0x000000001839e000 Uncommon trap: reason=unstable_if action=reinterpret pc=0x000000000577f174 method=com.android.tools.r8.s.a.b.h.a(Ljava/lang/Object;)V @ 28
Event: 5924.881 Thread 0x000000001839e000 Uncommon trap: reason=unstable_if action=reinterpret pc=0x00000000033fe558 method=com.android.tools.r8.s.a.b.m.a.d()I @ 396
Event: 5924.881 Thread 0x000000001839e000 Uncommon trap: reason=unstable_if action=reinterpret pc=0x0000000004e54a90 method=com.android.tools.r8.s.a.b.m.a.n()Ljava/lang/String; @ 47
Event: 5924.881 Thread 0x000000001839e000 Uncommon trap: reason=unloaded action=reinterpret pc=0x000000000578be18 method=com.android.tools.r8.s.a.b.l.g.o.b(Lcom/android/tools/r8/s/a/b/m/a;)Lcom/android/tools/r8/s/a/b/b; @ 88
Event: 5925.082 Thread 0x000000001839e000 Uncommon trap: reason=class_check action=maybe_recompile pc=0x0000000005830304 method=java.util.stream.Sink$ChainedReference.<init>(Ljava/util/stream/Sink;)V @ 9
Event: 5925.082 Thread 0x000000001839e000 Uncommon trap: reason=class_check action=maybe_recompile pc=0x0000000005830304 method=java.util.stream.Sink$ChainedReference.<init>(Ljava/util/stream/Sink;)V @ 9
Event: 5925.082 Thread 0x000000001839e000 Uncommon trap: reason=class_check action=maybe_recompile pc=0x0000000005830304 method=java.util.stream.Sink$ChainedReference.<init>(Ljava/util/stream/Sink;)V @ 9
Event: 5925.082 Thread 0x000000001839e000 Uncommon trap: reason=class_check action=maybe_recompile pc=0x0000000005830304 method=java.util.stream.Sink$ChainedReference.<init>(Ljava/util/stream/Sink;)V @ 9

Classes redefined (0 events):
No events

Internal exceptions (10 events):
Event: 5923.504 Thread 0x000000001798d800 Exception <a 'java/lang/NoSuchMethodError': <clinit>> (0x00000000fbf19bf0) thrown at [C:\src\AOSP-openjdk-git\hotspot\src\share\vm\prims\jni.cpp, line 1615]
Event: 5923.637 Thread 0x0000000024c86000 Exception <a 'java/io/FileNotFoundException'> (0x00000000fc8f3ca0) thrown at [C:\src\AOSP-openjdk-git\hotspot\src\share\vm\prims\jni.cpp, line 710]
Event: 5923.749 Thread 0x000000001839e000 Exception <a 'sun/nio/fs/WindowsException'> (0x00000000f60ae5a0) thrown at [C:\src\AOSP-openjdk-git\hotspot\src\share\vm\prims\jni.cpp, line 710]
Event: 5924.182 Thread 0x00000000183a1800 Implicit null exception at 0x000000000358206f to 0x0000000003582161
Event: 5924.182 Thread 0x00000000183a2800 Implicit null exception at 0x000000000358206f to 0x0000000003582161
Event: 5924.182 Thread 0x00000000183a9000 Implicit null exception at 0x000000000358206f to 0x0000000003582161
Event: 5924.182 Thread 0x00000000183a8800 Implicit null exception at 0x000000000358206f to 0x0000000003582161
Event: 5924.182 Thread 0x000000001839b800 Implicit null exception at 0x000000000358206f to 0x0000000003582161
Event: 5924.182 Thread 0x000000001839b000 Implicit null exception at 0x000000000358206f to 0x0000000003582161
Event: 5924.182 Thread 0x00000000183a4000 Implicit null exception at 0x000000000358206f to 0x0000000003582161

Events (10 events):
Event: 5925.082 Thread 0x000000001839e000 DEOPT PACKING pc=0x0000000005830304 sp=0x000000002a02ddf0
Event: 5925.082 Thread 0x000000001839e000 DEOPT UNPACKING pc=0x0000000002b2557b sp=0x000000002a02dcb8 mode 2
Event: 5925.082 Thread 0x000000001839e000 Uncommon trap: trap_request=0xffffffde fr.pc=0x0000000005830304
Event: 5925.082 Thread 0x000000001839e000 DEOPT PACKING pc=0x0000000005830304 sp=0x000000002a02ddf0
Event: 5925.082 Thread 0x000000001839e000 DEOPT UNPACKING pc=0x0000000002b2557b sp=0x000000002a02dcb8 mode 2
Event: 5925.082 Thread 0x000000001839e000 Uncommon trap: trap_request=0xffffffde fr.pc=0x0000000005830304
Event: 5925.082 Thread 0x000000001839e000 DEOPT PACKING pc=0x0000000005830304 sp=0x000000002a02ddf0
Event: 5925.082 Thread 0x000000001839e000 DEOPT UNPACKING pc=0x0000000002b2557b sp=0x000000002a02dcb8 mode 2
Event: 5925.140 Executing VM operation: ParallelGCFailedAllocation
Event: 5925.182 Executing VM operation: ParallelGCFailedAllocation done


Dynamic libraries:
0x00007ff72e3b0000 - 0x00007ff72e3e1000 	C:\Program Files\Android\Android Studio\jre\bin\java.exe
0x00007ffa4ba40000 - 0x00007ffa4bc30000 	C:\WINDOWS\SYSTEM32\ntdll.dll
0x00007ffa0b080000 - 0x00007ffa0b092000 	C:\Program Files\Avast Software\Avast\aswhook.dll
0x00007ffa4a240000 - 0x00007ffa4a2f2000 	C:\WINDOWS\System32\KERNEL32.DLL
0x00007ffa49610000 - 0x00007ffa498b4000 	C:\WINDOWS\System32\KERNELBASE.dll
0x00007ffa49c00000 - 0x00007ffa49ca3000 	C:\WINDOWS\System32\ADVAPI32.dll
0x00007ffa4a320000 - 0x00007ffa4a3be000 	C:\WINDOWS\System32\msvcrt.dll
0x00007ffa4a460000 - 0x00007ffa4a4f7000 	C:\WINDOWS\System32\sechost.dll
0x00007ffa4a5c0000 - 0x00007ffa4a6e0000 	C:\WINDOWS\System32\RPCRT4.dll
0x00007ffa4b780000 - 0x00007ffa4b914000 	C:\WINDOWS\System32\USER32.dll
0x00007ffa49970000 - 0x00007ffa49991000 	C:\WINDOWS\System32\win32u.dll
0x00007ffa49ec0000 - 0x00007ffa49ee6000 	C:\WINDOWS\System32\GDI32.dll
0x00007ffa493d0000 - 0x00007ffa49566000 	C:\WINDOWS\System32\gdi32full.dll
0x00007ffa49570000 - 0x00007ffa4960e000 	C:\WINDOWS\System32\msvcp_win.dll
0x00007ffa499a0000 - 0x00007ffa49a9a000 	C:\WINDOWS\System32\ucrtbase.dll
0x00007ffa377d0000 - 0x00007ffa37a54000 	C:\WINDOWS\WinSxS\amd64_microsoft.windows.common-controls_6595b64144ccf1df_6.0.18362.959_none_e6c7bbbf130c62bb\COMCTL32.dll
0x00007ffa4b420000 - 0x00007ffa4b755000 	C:\WINDOWS\System32\combase.dll
0x00007ffa489f0000 - 0x00007ffa48a70000 	C:\WINDOWS\System32\bcryptPrimitives.dll
0x00007ffa4a3c0000 - 0x00007ffa4a3ee000 	C:\WINDOWS\System32\IMM32.DLL
0x000000006f910000 - 0x000000006f9e2000 	C:\Program Files\Android\Android Studio\jre\jre\bin\msvcr100.dll
0x000000006fbb0000 - 0x00000000703fb000 	C:\Program Files\Android\Android Studio\jre\jre\bin\server\jvm.dll
0x00007ffa4a500000 - 0x00007ffa4a508000 	C:\WINDOWS\System32\PSAPI.DLL
0x00007ffa36cc0000 - 0x00007ffa36cc9000 	C:\WINDOWS\SYSTEM32\WSOCK32.dll
0x00007ffa4a3f0000 - 0x00007ffa4a45f000 	C:\WINDOWS\System32\WS2_32.dll
0x00007ffa42ea0000 - 0x00007ffa42ec4000 	C:\WINDOWS\SYSTEM32\WINMM.dll
0x00007ffa40830000 - 0x00007ffa4083a000 	C:\WINDOWS\SYSTEM32\VERSION.dll
0x00007ffa42e50000 - 0x00007ffa42e7d000 	C:\WINDOWS\SYSTEM32\WINMMBASE.dll
0x00007ffa49aa0000 - 0x00007ffa49aea000 	C:\WINDOWS\System32\cfgmgr32.dll
0x00007ffa437a0000 - 0x00007ffa437af000 	C:\Program Files\Android\Android Studio\jre\jre\bin\verify.dll
0x00007ffa42a40000 - 0x00007ffa42a69000 	C:\Program Files\Android\Android Studio\jre\jre\bin\java.dll
0x00007ffa42a20000 - 0x00007ffa42a36000 	C:\Program Files\Android\Android Studio\jre\jre\bin\zip.dll
0x00007ffa4ad30000 - 0x00007ffa4b416000 	C:\WINDOWS\System32\SHELL32.dll
0x00007ffa4a510000 - 0x00007ffa4a5b9000 	C:\WINDOWS\System32\shcore.dll
0x00007ffa48be0000 - 0x00007ffa49362000 	C:\WINDOWS\System32\windows.storage.dll
0x00007ffa48920000 - 0x00007ffa48943000 	C:\WINDOWS\System32\profapi.dll
0x00007ffa48970000 - 0x00007ffa489ba000 	C:\WINDOWS\System32\powrprof.dll
0x00007ffa488f0000 - 0x00007ffa48900000 	C:\WINDOWS\System32\UMPDC.dll
0x00007ffa49e60000 - 0x00007ffa49eb2000 	C:\WINDOWS\System32\shlwapi.dll
0x00007ffa48900000 - 0x00007ffa48911000 	C:\WINDOWS\System32\kernel.appcore.dll
0x00007ffa48a70000 - 0x00007ffa48a87000 	C:\WINDOWS\System32\cryptsp.dll
0x00007ffa41b70000 - 0x00007ffa41b8a000 	C:\Program Files\Android\Android Studio\jre\jre\bin\net.dll
0x00007ffa48160000 - 0x00007ffa481c7000 	C:\WINDOWS\system32\mswsock.dll
0x00007ffa40c10000 - 0x00007ffa40c23000 	C:\Program Files\Android\Android Studio\jre\jre\bin\nio.dll
0x00007ffa43610000 - 0x00007ffa43636000 	C:\Users\admin\.gradle\native\31\windows-amd64\native-platform.dll
0x00007ffa43790000 - 0x00007ffa4379d000 	C:\Program Files\Android\Android Studio\jre\jre\bin\management.dll
0x00007ffa47cd0000 - 0x00007ffa47d03000 	C:\WINDOWS\system32\rsaenh.dll
0x00007ffa489c0000 - 0x00007ffa489e6000 	C:\WINDOWS\System32\bcrypt.dll
0x00007ffa48810000 - 0x00007ffa48835000 	C:\WINDOWS\SYSTEM32\USERENV.dll
0x00007ffa48330000 - 0x00007ffa4833c000 	C:\WINDOWS\SYSTEM32\CRYPTBASE.dll
0x00007ffa47e70000 - 0x00007ffa47eaa000 	C:\WINDOWS\SYSTEM32\IPHLPAPI.DLL
0x00007ffa4a310000 - 0x00007ffa4a318000 	C:\WINDOWS\System32\NSI.dll
0x00007ffa41490000 - 0x00007ffa414a6000 	C:\WINDOWS\SYSTEM32\dhcpcsvc6.DLL
0x00007ffa40ac0000 - 0x00007ffa40adc000 	C:\WINDOWS\SYSTEM32\dhcpcsvc.DLL
0x00007ffa47ec0000 - 0x00007ffa47f8b000 	C:\WINDOWS\SYSTEM32\DNSAPI.dll

VM Arguments:
jvm_args: -XX:MaxMetaspaceSize=256m -XX:+HeapDumpOnOutOfMemoryError -Xms256m -Xmx512m -Dfile.encoding=windows-1252 -Duser.country=US -Duser.language=en -Duser.variant 
java_command: org.gradle.launcher.daemon.bootstrap.GradleDaemon 6.1.1
java_class_path (initial): C:\Users\admin\.gradle\wrapper\dists\gradle-6.1.1-all\cfmwm155h49vnt3hynmlrsdst\gradle-6.1.1\lib\gradle-launcher-6.1.1.jar
Launcher Type: SUN_STANDARD

Environment Variables:
PATH=C:\Program Files\Microsoft MPI\Bin\;C:\Program Files (x86)\Common Files\Oracle\Java\javapath;C:\WINDOWS\system32;C:\WINDOWS;C:\WINDOWS\System32\Wbem;C:\WINDOWS\System32\WindowsPowerShell\v1.0\;C:\WINDOWS\System32\OpenSSH\;C:\Program Files\Microsoft SQL Server\130\Tools\Binn\;C:\Program Files\Microsoft SQL Server\Client SDK\ODBC\170\Tools\Binn\;C:\Program Files (x86)\Microsoft SQL Server\140\Tools\Binn\;C:\Program Files\Microsoft SQL Server\140\Tools\Binn\;C:\Program Files (x86)\Microsoft SQL Server\140\DTS\Binn\;C:\Program Files\Microsoft SQL Server\140\DTS\Binn\;C:\Program Files\Microsoft SQL Server\Client SDK\ODBC\130\Tools\Binn\;C:\Program Files (x86)\Microsoft SQL Server\150\DTS\Binn\;C:\Program Files (x86)\PuTTY\;C:\Program Files (x86)\Intel\Intel(R) Management Engine Components\DAL;C:\Program Files\Intel\Intel(R) Management Engine Components\DAL;C:\Program Files\dotnet\;C:\platform-tools\;C:\Program Files\Microsoft SQL Server\120\Tools\Binn\;C:\Program Files\Microsoft SQL Server\Client SDK\ODBC\110\Tools\Binn\;C:\Program Files (x86)\Microsoft SQL Server\120\Tools\Binn\;C:\Program Files\Microsoft SQL Server\120\DTS\Binn\;C:\Program Files\Git\cmd;C:\Users\admin\AppData\Local\Microsoft\WindowsApps;C:\Users\admin\AppData\Local\GitHubDesktop\bin;C:\Users\admin\.dotnet\tools;C:\Users\admin\.dotnet\tools
USERNAME=admin
OS=Windows_NT
PROCESSOR_IDENTIFIER=Intel64 Family 6 Model 142 Stepping 10, GenuineIntel



---------------  S Y S T E M  ---------------

OS: Windows 10.0 , 64 bit Build 18362 (10.0.18362.959)

CPU:total 8 (initial active 8) (4 cores per cpu, 2 threads per core) family 6 model 142 stepping 10, cmov, cx8, fxsr, mmx, sse, sse2, sse3, ssse3, sse4.1, sse4.2, popcnt, avx, avx2, aes, clmul, erms, 3dnowpref, lzcnt, ht, tsc, tscinvbit, bmi1, bmi2, adx

Memory: 4k page, physical 12233564k(1412408k free), swap 16427868k(5180k free)

vm_info: OpenJDK 64-Bit Server VM (25.242-b01) for windows-amd64 JRE (1.8.0_242-release-1644-b01), built by "builder" with MS VC++ 10.0 (VS2010)

time: Fri Aug 14 21:34:20 2020
timezone: SE Asia Standard Time
elapsed time: 5925 seconds (0d 1h 38m 45s)

